Aug 14 14:53:17 Updated: glibc-common-2.17-260.el7_6.6.x86_64
Aug 14 14:53:18 Updated: glibc-2.17-260.el7_6.6.x86_64
Aug 14 14:53:18 Installed: mpfr-3.1.1-4.el7.x86_64
Aug 14 14:53:18 Installed: libmpc-1.0.1-3.el7.x86_64
Aug 14 14:53:19 Installed: cpp-4.8.5-36.el7_6.2.x86_64
Aug 14 14:53:19 Installed: 1:perl-parent-0.225-244.el7.noarch
Aug 14 14:53:19 Installed: perl-HTTP-Tiny-0.033-3.el7.noarch
Aug 14 14:53:19 Installed: perl-podlators-2.5.1-3.el7.noarch
Aug 14 14:53:19 Installed: perl-Pod-Perldoc-3.20-4.el7.noarch
Aug 14 14:53:19 Installed: 1:perl-Pod-Escapes-1.04-294.el7_6.noarch
Aug 14 14:53:20 Installed: perl-Encode-2.51-7.el7.x86_64
Aug 14 14:53:20 Installed: perl-Text-ParseWords-3.29-4.el7.noarch
Aug 14 14:53:20 Installed: perl-Pod-Usage-1.63-3.el7.noarch
Aug 14 14:53:20 Installed: 4:perl-libs-5.16.3-294.el7_6.x86_64
Aug 14 14:53:20 Installed: 4:perl-macros-5.16.3-294.el7_6.x86_64
Aug 14 14:53:20 Installed: perl-threads-1.87-4.el7.x86_64
Aug 14 14:53:20 Installed: perl-Storable-2.45-3.el7.x86_64
Aug 14 14:53:20 Installed: perl-Exporter-5.68-3.el7.noarch
Aug 14 14:53:20 Installed: perl-constant-1.27-2.el7.noarch
Aug 14 14:53:20 Installed: perl-Time-Local-1.2300-2.el7.noarch
Aug 14 14:53:20 Installed: perl-Socket-2.010-4.el7.x86_64
Aug 14 14:53:20 Installed: perl-Carp-1.26-244.el7.noarch
Aug 14 14:53:20 Installed: 4:perl-Time-HiRes-1.9725-3.el7.x86_64
Aug 14 14:53:20 Installed: perl-threads-shared-1.43-6.el7.x86_64
Aug 14 14:53:20 Installed: perl-PathTools-3.40-5.el7.x86_64
Aug 14 14:53:20 Installed: perl-Scalar-List-Utils-1.27-248.el7.x86_64
Aug 14 14:53:20 Installed: 1:perl-Pod-Simple-3.28-4.el7.noarch
Aug 14 14:53:20 Installed: perl-File-Temp-0.23.01-3.el7.noarch
Aug 14 14:53:20 Installed: perl-File-Path-2.09-2.el7.noarch
Aug 14 14:53:20 Installed: perl-Filter-1.49-3.el7.x86_64
Aug 14 14:53:20 Installed: perl-Getopt-Long-2.40-3.el7.noarch
Aug 14 14:53:22 Installed: 4:perl-5.16.3-294.el7_6.x86_64
Aug 14 14:53:23 Installed: kernel-headers-3.10.0-957.27.2.el7.x86_64
Aug 14 14:53:23 Installed: glibc-headers-2.17-260.el7_6.6.x86_64
Aug 14 14:53:23 Installed: glibc-devel-2.17-260.el7_6.6.x86_64
Aug 14 14:53:25 Installed: gcc-4.8.5-36.el7_6.2.x86_64
Aug 14 14:53:43 Installed: kernel-devel-3.10.0-957.27.2.el7.x86_64
Aug 14 14:54:02 Installed: kernel-devel-3.10.0-957.12.2.el7.x86_64
Aug 14 14:56:03 Installed: mailx-12.5-19.el7.x86_64
Aug 14 14:56:03 Installed: libreport-filesystem-2.1.11-42.el7.centos.x86_64
Aug 14 14:56:04 Installed: mdadm-4.1-rc1_2.el7.x86_64
Aug 14 14:56:04 Installed: 1:smartmontools-6.5-1.el7.x86_64
Aug 14 14:56:04 Installed: hdparm-9.43-5.el7.x86_64
Aug 14 14:56:04 Installed: gdisk-0.8.10-2.el7.x86_64
Aug 14 15:17:43 Updated: systemd-libs-219-62.el7_6.9.x86_64
Aug 14 15:17:46 Updated: python-libs-2.7.5-80.el7_6.x86_64
Aug 14 15:17:46 Updated: python-2.7.5-80.el7_6.x86_64
Aug 14 15:17:46 Updated: python-perf-3.10.0-957.27.2.el7.x86_64
Aug 14 15:17:46 Updated: 32:bind-license-9.9.4-74.el7_6.2.noarch
Aug 14 15:17:46 Updated: libssh2-1.4.3-12.el7_6.3.x86_64
Aug 14 15:17:46 Updated: libcurl-7.29.0-51.el7_6.3.x86_64
Aug 14 15:17:49 Updated: systemd-219-62.el7_6.9.x86_64
Aug 14 15:17:49 Updated: samba-common-4.8.3-6.el7_6.noarch
Aug 14 15:17:49 Updated: libwbclient-4.8.3-6.el7_6.x86_64
Aug 14 15:17:50 Updated: samba-client-libs-4.8.3-6.el7_6.x86_64
Aug 14 15:17:50 Updated: samba-common-libs-4.8.3-6.el7_6.x86_64
Aug 14 15:17:50 Updated: 7:device-mapper-1.02.149-10.el7_6.8.x86_64
Aug 14 15:17:50 Updated: 7:device-mapper-libs-1.02.149-10.el7_6.8.x86_64
Aug 14 15:17:58 Updated: selinux-policy-3.13.1-229.el7_6.15.noarch
Aug 14 15:17:58 Updated: kernel-tools-libs-3.10.0-957.27.2.el7.x86_64
Aug 14 15:17:58 Updated: libteam-1.27-6.el7_6.1.x86_64
Aug 14 15:17:59 Updated: teamd-1.27-6.el7_6.1.x86_64
Aug 14 15:17:59 Updated: kernel-tools-3.10.0-957.27.2.el7.x86_64
Aug 14 15:18:11 Updated: selinux-policy-targeted-3.13.1-229.el7_6.15.noarch
Aug 14 15:18:12 Updated: tuned-2.10.0-6.el7_6.4.noarch
Aug 14 15:18:12 Updated: systemd-sysv-219-62.el7_6.9.x86_64
Aug 14 15:18:12 Updated: curl-7.29.0-51.el7_6.3.x86_64
Aug 14 15:18:12 Updated: 32:bind-libs-lite-9.9.4-74.el7_6.2.x86_64
Aug 14 15:18:17 Installed: kernel-3.10.0-957.27.2.el7.x86_64
Aug 14 15:18:17 Updated: 2:vim-minimal-7.4.160-6.el7_6.x86_64
Aug 14 15:18:19 Updated: tzdata-2019b-1.el7.noarch
Aug 14 15:18:19 Updated: glib2-2.56.1-4.el7_6.x86_64
Aug 14 15:21:41 Installed: wget-1.14-18.el7_6.1.x86_64
Aug 14 15:24:56 Installed: libquadmath-4.8.5-36.el7_6.2.x86_64
Aug 14 15:24:56 Installed: apr-1.4.8-3.el7_4.1.x86_64
Aug 14 15:24:56 Installed: m4-1.4.16-10.el7.x86_64
Aug 14 15:24:56 Installed: apr-util-1.5.2-6.el7.x86_64
Aug 14 15:24:56 Installed: unzip-6.0-19.el7.x86_64
Aug 14 15:24:56 Installed: zip-3.0-11.el7.x86_64
Aug 14 15:24:56 Installed: patch-2.7.1-10.el7_5.x86_64
Aug 14 15:24:56 Installed: 1:perl-Error-0.17020-2.el7.noarch
Aug 14 15:24:56 Installed: boost-system-1.53.0-27.el7.x86_64
Aug 14 15:24:56 Installed: perl-Thread-Queue-3.02-2.el7.noarch
Aug 14 15:24:56 Installed: boost-thread-1.53.0-27.el7.x86_64
Aug 14 15:24:57 Installed: libgfortran-4.8.5-36.el7_6.2.x86_64
Aug 14 15:24:57 Installed: libquadmath-devel-4.8.5-36.el7_6.2.x86_64
Aug 14 15:24:57 Installed: elfutils-0.172-2.el7.x86_64
Aug 14 15:24:57 Installed: pakchois-0.4-10.el7.x86_64
Aug 14 15:24:57 Installed: dwz-0.11-3.el7.x86_64
Aug 14 15:24:57 Installed: perl-TermReadKey-2.30-20.el7.x86_64
Aug 14 15:24:59 Installed: git-1.8.3.1-20.el7.x86_64
Aug 14 15:24:59 Installed: perl-Git-1.8.3.1-20.el7.noarch
Aug 14 15:25:00 Installed: libstdc++-devel-4.8.5-36.el7_6.2.x86_64
Aug 14 15:25:01 Installed: systemtap-devel-3.3-3.el7.x86_64
Aug 14 15:25:01 Installed: efivar-libs-36-11.el7_6.1.x86_64
Aug 14 15:25:01 Installed: mokutil-15-2.el7.centos.x86_64
Aug 14 15:25:01 Installed: perl-Data-Dumper-2.145-3.el7.x86_64
Aug 14 15:25:01 Installed: autoconf-2.69-11.el7.noarch
Aug 14 15:25:01 Installed: perl-srpm-macros-1-8.el7.noarch
Aug 14 15:25:01 Installed: redhat-rpm-config-9.1.0-87.el7.centos.noarch
Aug 14 15:25:01 Installed: boost-date-time-1.53.0-27.el7.x86_64
Aug 14 15:25:02 Installed: libmodman-2.0.1-8.el7.x86_64
Aug 14 15:25:02 Installed: libproxy-0.4.11-11.el7.x86_64
Aug 14 15:25:02 Installed: gettext-common-devel-0.19.8.1-2.el7.noarch
Aug 14 15:25:02 Installed: gettext-devel-0.19.8.1-2.el7.x86_64
Aug 14 15:25:02 Installed: gdb-7.6.1-114.el7.x86_64
Aug 14 15:25:03 Installed: perl-Test-Harness-3.28-3.el7.noarch
Aug 14 15:25:03 Installed: automake-1.13.4-3.el7.noarch
Aug 14 15:25:03 Installed: nettle-2.7.1-8.el7.x86_64
Aug 14 15:25:03 Installed: 1:emacs-filesystem-24.3-22.el7.noarch
Aug 14 15:25:03 Installed: libdwarf-20130207-4.el7.x86_64
Aug 14 15:25:03 Installed: dyninst-9.3.1-2.el7.x86_64
Aug 14 15:25:04 Installed: systemtap-runtime-3.3-3.el7.x86_64
Aug 14 15:25:06 Installed: systemtap-client-3.3-3.el7.x86_64
Aug 14 15:25:06 Installed: perl-XML-Parser-2.41-10.el7.x86_64
Aug 14 15:25:06 Installed: trousers-0.3.14-2.el7.x86_64
Aug 14 15:25:07 Installed: gnutls-3.3.29-9.el7_6.x86_64
Aug 14 15:25:07 Installed: neon-0.30.0-3.el7.x86_64
Aug 14 15:25:07 Installed: subversion-libs-1.7.14-14.el7.x86_64
Aug 14 15:25:07 Installed: subversion-1.7.14-14.el7.x86_64
Aug 14 15:25:07 Installed: intltool-0.50.2-7.el7.noarch
Aug 14 15:25:08 Installed: systemtap-3.3-3.el7.x86_64
Aug 14 15:25:08 Installed: cscope-15.8-10.el7.x86_64
Aug 14 15:25:08 Installed: libtool-2.4.2-22.el7_3.x86_64
Aug 14 15:25:08 Installed: rpm-build-4.11.3-35.el7.x86_64
Aug 14 15:25:09 Installed: gcc-c++-4.8.5-36.el7_6.2.x86_64
Aug 14 15:25:10 Installed: gcc-gfortran-4.8.5-36.el7_6.2.x86_64
Aug 14 15:25:10 Installed: flex-2.5.37-6.el7.x86_64
Aug 14 15:25:10 Installed: bison-3.0.4-2.el7.x86_64
Aug 14 15:25:10 Installed: diffstat-1.57-4.el7.x86_64
Aug 14 15:25:10 Installed: patchutils-0.3.3-4.el7.x86_64
Aug 14 15:25:10 Installed: indent-2.2.11-13.el7.x86_64
Aug 14 15:25:10 Installed: rpm-sign-4.11.3-35.el7.x86_64
Aug 14 15:25:11 Installed: swig-2.0.10-5.el7.x86_64
Aug 14 15:25:11 Installed: rcs-5.9.0-5.el7.x86_64
Aug 14 15:25:13 Installed: 1:doxygen-1.8.5-3.el7.x86_64
Aug 14 15:25:13 Installed: byacc-1.9.20130304-3.el7.x86_64
Aug 14 15:25:13 Installed: ctags-5.8-13.el7.x86_64
Aug 14 15:25:28 Installed: zlib-devel-1.2.7-18.el7.x86_64
Aug 14 15:25:28 Installed: libcom_err-devel-1.42.9-13.el7.x86_64
Aug 14 15:25:28 Installed: libsepol-devel-2.5-10.el7.x86_64
Aug 14 15:25:29 Installed: pcre-devel-8.32-17.el7.x86_64
Aug 14 15:25:29 Installed: libselinux-devel-2.5-14.1.el7.x86_64
Aug 14 15:25:29 Installed: libkadm5-1.15.1-37.el7_6.x86_64
Aug 14 15:25:29 Installed: libverto-devel-0.2.5-4.el7.x86_64
Aug 14 15:25:29 Installed: keyutils-libs-devel-1.5.8-3.el7.x86_64
Aug 14 15:25:29 Installed: krb5-devel-1.15.1-37.el7_6.x86_64
Aug 14 15:25:30 Installed: 1:openssl-devel-1.0.2k-16.el7_6.1.x86_64
Aug 14 15:25:30 Installed: elfutils-libelf-devel-0.172-2.el7.x86_64
Aug 14 15:25:31 Installed: bc-1.06.95-13.el7.x86_64
Aug 14 15:25:31 Installed: ncurses-devel-5.9-14.20130511.el7_4.x86_64
Aug 14 15:36:13 Installed: gpm-libs-1.20.7-5.el7.x86_64
Aug 14 15:36:13 Installed: 1:mc-4.8.7-11.el7.x86_64
